<?xml version="1.0" encoding="UTF-8"?>
<testng-results ignored="0" total="1" passed="1" failed="0" skipped="0">
  <reporter-output>
  </reporter-output>
  <suite started-at="2026-02-19T22:49:26 BOT" name="Default suite" finished-at="2026-02-19T22:49:47 BOT" duration-ms="20471">
    <groups>
    </groups>
    <test started-at="2026-02-19T22:49:26 BOT" name="Default test" finished-at="2026-02-19T22:49:47 BOT" duration-ms="20471">
      <class name="proyectoPruebas.DemoQATest">
        <test-method is-config="true" signature="setup()[pri:0, instance:proyectoPruebas.DemoQATest@44841b43]" started-at="2026-02-19T22:49:26 BOT" name="setup" finished-at="2026-02-19T22:49:35 BOT" duration-ms="8414" status="PASS">
          <reporter-output>
          </reporter-output>
        </test-method> <!-- setup -->
        <test-method signature="llenarFormulario()[pri:0, instance:proyectoPruebas.DemoQATest@44841b43]" started-at="2026-02-19T22:49:35 BOT" name="llenarFormulario" description="Prueba para validar registro completo del formulario" finished-at="2026-02-19T22:49:44 BOT" duration-ms="9030" status="PASS">
          <reporter-output>
          </reporter-output>
        </test-method> <!-- llenarFormulario -->
        <test-method is-config="true" signature="screenshotOnFailure(org.testng.ITestResult)[pri:0, instance:proyectoPruebas.DemoQATest@44841b43]" started-at="2026-02-19T22:49:44 BOT" name="screenshotOnFailure" finished-at="2026-02-19T22:49:44 BOT" duration-ms="11" status="PASS">
          <params>
            <param index="0">
              <value>
                <![CDATA[[TestResult name=llenarFormulario status=SUCCESS method=DemoQATest.llenarFormulario()[pri:0, instance:proyectoPruebas.DemoQATest@44841b43] output={null}]]]>
              </value>
            </param>
          </params>
          <reporter-output>
          </reporter-output>
        </test-method> <!-- screenshotOnFailure -->
        <test-method is-config="true" signature="cerrar()[pri:0, instance:proyectoPruebas.DemoQATest@44841b43]" started-at="2026-02-19T22:49:44 BOT" name="cerrar" finished-at="2026-02-19T22:49:46 BOT" duration-ms="2143" status="PASS">
          <reporter-output>
          </reporter-output>
        </test-method> <!-- cerrar -->
      </class> <!-- proyectoPruebas.DemoQATest -->
    </test> <!-- Default test -->
  </suite> <!-- Default suite -->
</testng-results>
