<?xml version="1.0" encoding="UTF-8"?>
<!-- Generated by org.testng.reporters.JUnitReportReporter -->
<testsuite hostname="DESKTOP-OCL0PCL" failures="0" tests="3" name="proyectoPruebas.DemoBlazeTest" time="12.317" errors="0" timestamp="2026-02-18T00:14:47 BOT" skipped="0">
  <testcase classname="proyectoPruebas.DemoBlazeTest" name="test3" time="0.039"/>
  <testcase classname="proyectoPruebas.DemoBlazeTest" name="test2" time="0.024"/>
  <testcase classname="proyectoPruebas.DemoBlazeTest" name="primeraPruebaSelenium" time="12.254"/>
</testsuite> <!-- proyectoPruebas.DemoBlazeTest -->
